<?xml version="1.0" encoding="UTF-8"?>
<!-- Generated by org.testng.reporters.JUnitXMLReporter -->
<testsuite ignored="0" hostname="DESKTOP-22HC58E" failures="0" tests="3" name="Login Test 1" time="39.574" errors="0" timestamp="2022-07-05T13:17:03 PDT">
  <testcase classname="testCases.LoginTest1" name="LoginTest" time="13.976"/>
  <testcase classname="testCases.LoginTest1" name="LoginTest" time="15.662"/>
  <testcase classname="testCases.LoginTest1" name="LoginTest" time="8.804"/>
</testsuite> <!-- Login Test 1 -->
